<?xml version="1.0" encoding="UTF-8"?>
<!-- Generated by org.testng.reporters.JUnitXMLReporter -->
<testsuite hostname="ip-172-31-87-158" ignored="0" name="Amazon Tests" tests="6" failures="3" timestamp="2021-12-18T17:02:19 UTC" time="34.557" errors="0">
  <testcase name="testHomePageTitle" time="0.286" classname="com.webapp.test.amazon.AmazonHomepageTest"/>
  <testcase name="testHomepageSoruceUrl" time="0.162" classname="com.webapp.test.amazon.AmazonHomepageTest"/>
  <testcase name="testSearchData" time="2.383" classname="com.webapp.test.amazon.AmazonHomepageTest"/>
  <testcase name="testBestSellerNavLink" time="5.395" classname="com.webapp.test.amazon.AmazonNavigationLinkTest">
    <failure type="java.lang.AssertionError" message="expected [Gift Cards &amp;amp; Vouchers Online : Buy Gift Vouchers &amp;amp; E Gift Cards Online in India - Amazon.in] but found [Amazon.in Bestsellers: The most popular items on Amazon]">
      <![CDATA[java.lang.AssertionError: expected [Gift Cards & Vouchers Online : Buy Gift Vouchers & E Gift Cards Online in India - Amazon.in] but found [Amazon.in Bestsellers: The most popular items on Amazon]
at com.webapp.test.amazon.AmazonNavigationLinkTest.testBestSellerNavLink(AmazonNavigationLinkTest.java:57)
at java.util.ArrayList.forEach(ArrayList.java:1257)
... Removed 33 stack frames]]>
    </failure>
  </testcase> <!-- testBestSellerNavLink -->
  <testcase name="testElectronicsNavLink" time="4.698" classname="com.webapp.test.amazon.AmazonNavigationLinkTest">
    <failure type="java.lang.AssertionError" message="expected [Amazon.in Help: Help] but found [Electronics Store: Buy Electronics products Online at Best Prices in India at Amazon.in]">
      <![CDATA[java.lang.AssertionError: expected [Amazon.in Help: Help] but found [Electronics Store: Buy Electronics products Online at Best Prices in India at Amazon.in]
at com.webapp.test.amazon.AmazonNavigationLinkTest.testElectronicsNavLink(AmazonNavigationLinkTest.java:68)
at java.util.ArrayList.forEach(ArrayList.java:1257)
... Removed 33 stack frames]]>
    </failure>
  </testcase> <!-- testElectronicsNavLink -->
  <testcase name="testMobileNavLink" time="4.079" classname="com.webapp.test.amazon.AmazonNavigationLinkTest">
    <failure type="java.lang.AssertionError" message="expected [] but found [Mobile Phones: Buy New Mobiles Online at Best Prices in India | Buy Cell Phones Online - Amazon.in]">
      <![CDATA[java.lang.AssertionError: expected [] but found [Mobile Phones: Buy New Mobiles Online at Best Prices in India | Buy Cell Phones Online - Amazon.in]
at com.webapp.test.amazon.AmazonNavigationLinkTest.testMobileNavLink(AmazonNavigationLinkTest.java:45)
at java.util.ArrayList.forEach(ArrayList.java:1257)
... Removed 33 stack frames]]>
    </failure>
  </testcase> <!-- testMobileNavLink -->
</testsuite> <!-- Amazon Tests -->
