<?xml version="1.0" encoding="UTF-8"?>
<testsuite name="Group Tests"
           tests="10"
           failures="1"
           errors="0"
           skipped="0"
           time="61.981">
  <properties />
            <testcase name="testFailureLogin" time="40.339" classname="com.webapp.test.group.BrowserBasedGroupTest">
                <failure type="org.openqa.selenium.TimeoutException"
                  message="Expected condition failed: waiting for visibility of element located by By.cssSelector: #error_box &gt; div.fsl.fwb.fcb (tried for 40 second(s) with 500 milliseconds interval)
Build info: version: &apos;4.1.0&apos;, revision: &apos;87802e897b&apos;
System info: host: &apos;ip-172-31-87-158&apos;, ip: &apos;172.31.87.158&apos;, os.name: &apos;Linux&apos;, os.arch: &apos;amd64&apos;, os.version: &apos;4.4.0-1111-aws&apos;, java.version: &apos;1.8.0_252&apos;
Driver info: org.openqa.selenium.firefox.FirefoxDriver
Capabilities {acceptInsecureCerts: true, browserName: firefox, browserVersion: 79.0, javascriptEnabled: true, moz:accessibilityChecks: false, moz:buildID: 20200720193547, moz:geckodriverVersion: 0.30.0, moz:headless: false, moz:processID: 19488, moz:profile: /tmp/rust_mozprofileSgirb8, moz:shutdownTimeout: 60000, moz:useNonSpecCompliantPointerOrigin: false, moz:webdriverClick: true, pageLoadStrategy: normal, platform: LINUX, platformName: LINUX, platformVersion: 4.4.0-1111-aws, rotatable: false, setWindowRect: true, strictFileInteractability: false, timeouts: {implicit: 0, pageLoad: 300000, script: 30000}, unhandledPromptBehavior: dismiss and notify}
Session ID: 5206d14f-a6a3-4167-b879-6524531aebf4"
              >
<![CDATA[org.openqa.selenium.TimeoutException: Expected condition failed: waiting for visibility of element located by By.cssSelector: #error_box > div.fsl.fwb.fcb (tried for 40 second(s) with 500 milliseconds interval)
Build info: version: '4.1.0', revision: '87802e897b'
System info: host: 'ip-172-31-87-158', ip: '172.31.87.158', os.name: 'Linux', os.arch: 'amd64', os.version: '4.4.0-1111-aws', java.version: '1.8.0_252'
Driver info: org.openqa.selenium.firefox.FirefoxDriver
Capabilities {acceptInsecureCerts: true, browserName: firefox, browserVersion: 79.0, javascriptEnabled: true, moz:accessibilityChecks: false, moz:buildID: 20200720193547, moz:geckodriverVersion: 0.30.0, moz:headless: false, moz:processID: 19488, moz:profile: /tmp/rust_mozprofileSgirb8, moz:shutdownTimeout: 60000, moz:useNonSpecCompliantPointerOrigin: false, moz:webdriverClick: true, pageLoadStrategy: normal, platform: LINUX, platformName: LINUX, platformVersion: 4.4.0-1111-aws, rotatable: false, setWindowRect: true, strictFileInteractability: false, timeouts: {implicit: 0, pageLoad: 300000, script: 30000}, unhandledPromptBehavior: dismiss and notify}
Session ID: 5206d14f-a6a3-4167-b879-6524531aebf4
  org.openqa.selenium.support.ui.WebDriverWait.timeoutException(WebDriverWait.java:138)
  org.openqa.selenium.support.ui.FluentWait.until(FluentWait.java:231)
  com.webapp.test.group.BrowserBasedGroupTest.testFailureLogin(BrowserBasedGroupTest.java:102)
  sun.reflect.NativeMethodAccessorImpl.invoke0(Native Method)
  sun.reflect.NativeMethodAccessorImpl.invoke(NativeMethodAccessorImpl.java:62)
  sun.reflect.DelegatingMethodAccessorImpl.invoke(DelegatingMethodAccessorImpl.java:43)
  java.lang.reflect.Method.invoke(Method.java:498)
  org.testng.internal.MethodInvocationHelper.invokeMethod(MethodInvocationHelper.java:133)
  org.testng.internal.TestInvoker.invokeMethod(TestInvoker.java:598)
  org.testng.internal.TestInvoker.invokeTestMethod(TestInvoker.java:173)
  org.testng.internal.MethodRunner.runInSequence(MethodRunner.java:46)
  org.testng.internal.TestInvoker$MethodInvocationAgent.invoke(TestInvoker.java:824)
  org.testng.internal.TestInvoker.invokeTestMethods(TestInvoker.java:146)
  org.testng.internal.TestMethodWorker.invokeTestMethods(TestMethodWorker.java:146)
  org.testng.internal.TestMethodWorker.run(TestMethodWorker.java:128)
  java.util.ArrayList.forEach(ArrayList.java:1257)
  org.testng.TestRunner.privateRun(TestRunner.java:794)
  org.testng.TestRunner.run(TestRunner.java:596)
  org.testng.SuiteRunner.runTest(SuiteRunner.java:377)
  org.testng.SuiteRunner.access$000(SuiteRunner.java:28)
  org.testng.SuiteRunner$SuiteWorker.run(SuiteRunner.java:418)
  org.testng.internal.thread.ThreadUtil.lambda$execute$0(ThreadUtil.java:64)
  java.util.concurrent.FutureTask.run(FutureTask.java:266)
  java.util.concurrent.ThreadPoolExecutor.runWorker(ThreadPoolExecutor.java:1149)
  java.util.concurrent.ThreadPoolExecutor$Worker.run(ThreadPoolExecutor.java:624)
  java.lang.Thread.run(Thread.java:748)
]]>
      </failure>

          </testcase>
  
  
            <testcase name="launchFireFoxTest" time="8.631" classname="com.webapp.test.group.BrowserBasedGroupTest" />
                <testcase name="testFaceBookHomePage" time="0.085" classname="com.webapp.test.group.BrowserBasedGroupTest" />
                <testcase name="testSearchData" time="5.054" classname="com.webapp.test.group.BrowserBasedGroupTest" />
                <testcase name="closeFireFoxTest" time="0.719" classname="com.webapp.test.group.BrowserBasedGroupTest" />
                <testcase name="launchChromeTest" time="6.230" classname="com.webapp.test.group.BrowserBasedGroupTest" />
                <testcase name="testHomePageTitle" time="0.134" classname="com.webapp.test.group.BrowserBasedGroupTest" />
                <testcase name="testHomepageSoruceUrl" time="0.019" classname="com.webapp.test.group.BrowserBasedGroupTest" />
                <testcase name="testFieldsLogin" time="0.661" classname="com.webapp.test.group.BrowserBasedGroupTest" />
                <testcase name="closeChrome" time="0.109" classname="com.webapp.test.group.BrowserBasedGroupTest" />
      
</testsuite>
